<?xml version="1.0" encoding="UTF-8"?>
<!-- Generated by org.testng.reporters.JUnitReportReporter -->
<testsuite skipped="1" hostname="IM-LP-815" name="com.qa.tests.SpaceXInfoTests" tests="1" failures="0" timestamp="12 Jun 2021 06:49:54 GMT" time="0.000" errors="0">
  <testcase name="getSatellitesNameTest" time="0.000" classname="com.qa.tests.SpaceXInfoTests">
    <skipped/>
  </testcase> <!-- getSatellitesNameTest -->
</testsuite> <!-- com.qa.tests.SpaceXInfoTests -->
